2019-12-04 14:28:54.6513 DEBUG Field created
2019-12-04 14:28:54.6983 DEBUG Trying to read parameters
2019-12-04 14:28:54.6983 ERROR Wrong number of parametrs
2019-12-04 14:28:54.7219 DEBUG Looping switch
2019-12-04 14:28:56.8455 DEBUG Starting program:
2019-12-04 14:28:56.8524 DEBUG Trying to convert data
2019-12-04 14:29:05.7404 DEBUG Data converted
2019-12-04 14:29:05.7496 DEBUG Looping switch
2019-12-04 14:29:19.0323 DEBUG Starting program:
2019-12-04 14:29:19.0323 DEBUG Trying to convert data
2019-12-04 14:30:08.0541 DEBUG Field created
2019-12-04 14:30:08.0800 DEBUG Trying to read parameters
2019-12-04 14:30:08.0850 ERROR Wrong number of parametrs
2019-12-04 14:30:08.0850 DEBUG Looping switch
2019-12-04 14:30:24.1720 DEBUG Field created
2019-12-04 14:30:24.1970 DEBUG Trying to read parameters
2019-12-04 14:30:24.1970 ERROR Wrong number of parametrs
2019-12-04 14:30:24.1970 DEBUG Looping switch
2019-12-04 14:30:26.5563 DEBUG Starting program:
2019-12-04 14:30:26.5563 DEBUG Trying to convert data
2019-12-04 14:30:31.8128 DEBUG Failed to convertИндекс находился вне границ массива.
2019-12-04 14:30:31.8218 DEBUG Looping switch
2019-12-04 14:30:39.5227 DEBUG Not usual string was written
2019-12-04 14:30:39.5227 DEBUG Looping switch
2019-12-04 14:30:40.0776 DEBUG Not usual string was written
2019-12-04 14:30:40.0932 DEBUG Looping switch
2019-12-04 14:30:40.2555 DEBUG Not usual string was written
2019-12-04 14:30:40.2595 DEBUG Looping switch
2019-12-04 14:31:18.9049 DEBUG Field created
2019-12-04 14:31:18.9348 DEBUG Trying to read parameters
2019-12-04 14:31:18.9348 ERROR Wrong number of parametrs
2019-12-04 14:31:18.9498 DEBUG Looping switch
2019-12-04 14:31:21.5263 DEBUG Starting program:
2019-12-04 14:31:21.5263 DEBUG Trying to convert data
2019-12-04 14:31:27.6520 DEBUG Failed to convertИндекс находился вне границ массива.
2019-12-04 14:31:27.6520 DEBUG Looping switch
2019-12-04 14:31:52.6507 DEBUG Field created
2019-12-04 14:31:52.6886 DEBUG Trying to read parameters
2019-12-04 14:31:52.6956 ERROR Wrong number of parametrs
2019-12-04 14:31:52.6956 DEBUG Looping switch
2019-12-04 14:31:55.3190 DEBUG Starting program:
2019-12-04 14:31:55.3240 DEBUG Trying to convert data
2019-12-04 14:31:59.7334 DEBUG Failed to convertИндекс находился вне границ массива.
2019-12-04 14:31:59.7466 DEBUG Looping switch
2019-12-04 14:32:16.8066 DEBUG Field created
2019-12-04 14:32:16.8415 DEBUG Trying to read parameters
2019-12-04 14:32:16.8505 ERROR Wrong number of parametrs
2019-12-04 14:32:16.8675 DEBUG Looping switch
2019-12-04 14:32:31.1829 DEBUG Field created
2019-12-04 14:32:31.2248 DEBUG Trying to read parameters
2019-12-04 14:32:31.2309 ERROR Wrong number of parametrs
2019-12-04 14:32:31.2309 DEBUG Looping switch
2019-12-04 14:32:36.0118 DEBUG Starting program:
2019-12-04 14:32:36.0278 DEBUG Trying to convert data
2019-12-04 14:32:43.8644 DEBUG Failed to convertИндекс находился вне границ массива.
2019-12-04 14:32:43.8764 DEBUG Looping switch
2019-12-04 14:32:46.1972 DEBUG Not usual string was written
2019-12-04 14:32:46.2111 DEBUG Looping switch
2019-12-04 14:34:14.7757 DEBUG Field created
2019-12-04 14:34:14.8139 DEBUG Trying to read parameters
2019-12-04 14:34:14.8202 ERROR Wrong number of parametrs
2019-12-04 14:34:14.8202 DEBUG Looping switch
2019-12-04 14:34:19.2317 DEBUG Starting program:
2019-12-04 14:34:19.2461 DEBUG Trying to convert data
2019-12-04 14:34:23.8521 DEBUG Data converted
2019-12-04 14:34:23.8521 DEBUG Looping switch
2019-12-04 14:35:34.2665 DEBUG Field created
2019-12-04 14:35:34.2974 DEBUG Trying to read parameters
2019-12-04 14:35:34.2974 ERROR Wrong number of parametrs
2019-12-04 14:35:34.3094 DEBUG Looping switch
2019-12-04 14:35:42.0970 DEBUG Starting program:
2019-12-04 14:35:42.1040 DEBUG Trying to convert data
2019-12-04 14:35:46.8425 DEBUG Data converted
2019-12-04 14:35:46.8425 DEBUG Looping switch
